<?xml version="1.0" encoding="utf-8" standalone="no"?>
<test-results xmlns:xsi="http://www.w3.org/2001/XMLSchema-instance" xsi:noNamespaceSchemaLocation="nunit_schema_2.5.xsd" name="Pester" total="3217" errors="0" failures="418" not-run="0" inconclusive="0" ignored="0" skipped="0" invalid="0" date="2020-07-26" time="19:52:39">
  <environment user="Andrew.Smith" machine-name="ANDREWS-XPS" cwd="C:\Andrew\Work\Me\PSDokuWiki" user-domain="ROCKS" platform="Microsoft Windows 10 Pro|C:\WINDOWS|\Device\Harddisk0\Partition3" nunit-version="2.5.8.0" os-version="10.0.19041" clr-version="4.0.30319.42000" />
  <culture-info current-culture="en-GB" current-uiculture="en-US" />
  <test-suite type="Powershell" name="Pester" executed="True" result="Failure" success="False" time="209.8533" asserts="0">
    <results>
      <test-suite type="TestFixture" name="Add-DokuAclRule" executed="True" result="Failure" success="False" time="5.982" asserts="0" description="Add-DokuAclRule">
        <results>
          <test-case description="Should display the exception message" name="Add-DokuAclRule.Should display the exception message" time="5.0928" asserts="0" success="False" result="Failure" executed="True">
            <failure>
              <message>'-Be' is not a valid Should operator.</message>
              <stack-trace>at line: 42 in C:\Program Files\WindowsPowerShell\Modules\Pester\3.4.0\Functions\Assertions\Should.ps1</stack-trace>
            </failure>
          </test-case>
          <test-case description="Should display the fault code &amp; string" name="Add-DokuAclRule.Should display the fault code &amp; string" time="0.2526" asserts="0" success="False" result="Failure" executed="True">
            <failure>
              <message>'-Be' is not a valid Should operator.</message>
              <stack-trace>at line: 42 in C:\Program Files\WindowsPowerShell\Modules\Pester\3.4.0\Functions\Assertions\Should.ps1</stack-trace>
            </failure>
          </test-case>
          <test-case description="Should identify if the method call failed" name="Add-DokuAclRule.Should identify if the method call failed" time="0.119" asserts="0" success="False" result="Failure" executed="True">
            <failure>
              <message>'-Be' is not a valid Should operator.</message>
              <stack-trace>at line: 42 in C:\Program Files\WindowsPowerShell\Modules\Pester\3.4.0\Functions\Assertions\Should.ps1</stack-trace>
            </failure>
          </test-case>
          <test-case description="Should make one call to Invoke-DokuApiCall" name="Add-DokuAclRule.Should make one call to Invoke-DokuApiCall" time="0.1665" asserts="0" success="True" result="Success" executed="True" />
          <test-case description="Should make one call to Invoke-DokuApiCall" name="Add-DokuAclRule.Should make one call to Invoke-DokuApiCall" time="0.1108" asserts="0" success="True" result="Success" executed="True" />
          <test-case description="Should make two calls to Invoke-DokuApiCall" name="Add-DokuAclRule.Should make two calls to Invoke-DokuApiCall" time="0.0899" asserts="0" success="True" result="Success" executed="True" />
          <test-case description="Should make four calls to Invoke-DokuApiCall" name="Add-DokuAclRule.Should make four calls to Invoke-DokuApiCall" time="0.1504" asserts="0" success="True" result="Success" executed="True" />
        </results>
      </test-suite>
      <test-suite type="TestFixture" name="Add-DokuPageData" executed="True" result="Failure" success="False" time="1.173" asserts="0" description="Add-DokuPageData">
        <results>
          <test-case description="Should display the exception message" name="Add-DokuPageData.Should display the exception message" time="0.2152" asserts="0" success="False" result="Failure" executed="True">
            <failure>
              <message>'-Be' is not a valid Should operator.</message>
              <stack-trace>at line: 42 in C:\Program Files\WindowsPowerShell\Modules\Pester\3.4.0\Functions\Assertions\Should.ps1</stack-trace>
            </failure>
          </test-case>
          <test-case description="Should display the fault code &amp; string" name="Add-DokuPageData.Should display the fault code &amp; string" time="0.1255" asserts="0" success="False" result="Failure" executed="True">
            <failure>
              <message>'-Be' is not a valid Should operator.</message>
              <stack-trace>at line: 42 in C:\Program Files\WindowsPowerShell\Modules\Pester\3.4.0\Functions\Assertions\Should.ps1</stack-trace>
            </failure>
          </test-case>
          <test-case description="Should return an object with all properties defined" name="Add-DokuPageData.Should return an object with all properties defined" time="0.1772" asserts="0" success="False" result="Failure" executed="True">
            <failure>
              <message>'-BeNullOrEmpty' is not a valid Should operator.</message>
              <stack-trace>at line: 42 in C:\Program Files\WindowsPowerShell\Modules\Pester\3.4.0\Functions\Assertions\Should.ps1</stack-trace>
            </failure>
          </test-case>
          <test-case description="Should return an object with the correct value for FullName" name="Add-DokuPageData.Should return an object with the correct value for FullName" time="0.1001" asserts="0" success="False" result="Failure" executed="True">
            <failure>
              <message>'-Be' is not a valid Should operator.</message>
              <stack-trace>at line: 42 in C:\Program Files\WindowsPowerShell\Modules\Pester\3.4.0\Functions\Assertions\Should.ps1</stack-trace>
            </failure>
          </test-case>
          <test-case description="Should return an object with the correct value for AddedText" name="Add-DokuPageData.Should return an object with the correct value for AddedText" time="0.1008" asserts="0" success="False" result="Failure" executed="True">
            <failure>
              <message>'-Be' is not a valid Should operator.</message>
              <stack-trace>at line: 42 in C:\Program Files\WindowsPowerShell\Modules\Pester\3.4.0\Functions\Assertions\Should.ps1</stack-trace>
            </failure>
          </test-case>
          <test-case description="Should return an object with the correct value for MinorChange" name="Add-DokuPageData.Should return an object with the correct value for MinorChange" time="0.1035" asserts="0" success="False" result="Failure" executed="True">
            <failure>
              <message>'-Be' is not a valid Should operator.</message>
              <stack-trace>at line: 42 in C:\Program Files\WindowsPowerShell\Modules\Pester\3.4.0\Functions\Assertions\Should.ps1</stack-trace>
            </failure>
          </test-case>
          <test-case description="Should return an object with the correct value for SummaryText" name="Add-DokuPageData.Should return an object with the correct value for SummaryText" time="0.0846" asserts="0" success="False" result="Failure" executed="True">
            <failure>
              <message>'-Be' is not a valid Should operator.</message>
              <stack-trace>at line: 42 in C:\Program Files\WindowsPowerShell\Modules\Pester\3.4.0\Functions\Assertions\Should.ps1</stack-trace>
            </failure>
          </test-case>
          <test-case description="Should return an object with the correct value for PageName" name="Add-DokuPageData.Should return an object with the correct value for PageName" time="0.0842" asserts="0" success="False" result="Failure" executed="True">
            <failure>
              <message>'-Be' is not a valid Should operator.</message>
              <stack-trace>at line: 42 in C:\Program Files\WindowsPowerShell\Modules\Pester\3.4.0\Functions\Assertions\Should.ps1</stack-trace>
            </failure>
          </test-case>
          <test-case description="Should return an object with the correct value for ParentNamespace" name="Add-DokuPageData.Should return an object with the correct value for ParentNamespace" time="0.0814" asserts="0" success="False" result="Failure" executed="True">
            <failure>
              <message>'-Be' is not a valid Should operator.</message>
              <stack-trace>at line: 42 in C:\Program Files\WindowsPowerShell\Modules\Pester\3.4.0\Functions\Assertions\Should.ps1</stack-trace>
            </failure>
          </test-case>
          <test-case description="Should return an object with the correct value for RootNamespace" name="Add-DokuPageData.Should return an object with the correct value for RootNamespace" time="0.1005" asserts="0" success="False" result="Failure" executed="True">
            <failure>
              <message>'-Be' is not a valid Should operator.</message>
              <stack-trace>at line: 42 in C:\Program Files\WindowsPowerShell\Modules\Pester\3.4.0\Functions\Assertions\Should.ps1</stack-trace>
            </failure>
          </test-case>
        </results>
      </test-suite>
      <test-suite type="TestFixture" name="Connect-DokuServer" executed="True" result="Failure" success="False" time="1.2732" asserts="0" description="Connect-DokuServer">
        <results>
          <test-case description="Should fail when specifying a non-existent server" name="Connect-DokuServer.Should fail when specifying a non-existent server" time="0.1917" asserts="0" success="False" result="Failure" executed="True">
            <failure>
              <message>'-Throw' is not a valid Should operator.</message>
              <stack-trace>at line: 42 in C:\Program Files\WindowsPowerShell\Modules\Pester\3.4.0\Functions\Assertions\Should.ps1</stack-trace>
            </failure>
          </test-case>
          <test-case description="Should fail when server is $null" name="Connect-DokuServer.Should fail when server is $null" time="0.1142" asserts="0" success="False" result="Failure" executed="True">
            <failure>
              <message>'-Throw' is not a valid Should operator.</message>
              <stack-trace>at line: 42 in C:\Program Files\WindowsPowerShell\Modules\Pester\3.4.0\Functions\Assertions\Should.ps1</stack-trace>
            </failure>
          </test-case>
          <test-case description="Should fail when already connected and force isnt specified" name="Connect-DokuServer.Should fail when already connected and force isnt specified" time="0.0952" asserts="0" success="False" result="Failure" executed="True">
            <failure>
              <message>'-Throw' is not a valid Should operator.</message>
              <stack-trace>at line: 42 in C:\Program Files\WindowsPowerShell\Modules\Pester\3.4.0\Functions\Assertions\Should.ps1</stack-trace>
            </failure>
          </test-case>
          <test-case description="Should fail when invalid XML is returned" name="Connect-DokuServer.Should fail when invalid XML is returned" time="0.1178" asserts="0" success="False" result="Failure" executed="True">
            <failure>
              <message>'-Throw' is not a valid Should operator.</message>
              <stack-trace>at line: 42 in C:\Program Files\WindowsPowerShell\Modules\Pester\3.4.0\Functions\Assertions\Should.ps1</stack-trace>
            </failure>
          </test-case>
          <test-case description="Should return an object with the correct primary type name" name="Connect-DokuServer.Should return an object with the correct primary type name" time="0.2189" asserts="0" success="False" result="Failure" executed="True">
            <failure>
              <message>'-Be' is not a valid Should operator.</message>
              <stack-trace>at line: 42 in C:\Program Files\WindowsPowerShell\Modules\Pester\3.4.0\Functions\Assertions\Should.ps1</stack-trace>
            </failure>
          </test-case>
          <test-case description="Should return an object with all the correct properties" name="Connect-DokuServer.Should return an object with all the correct properties" time="0.1399" asserts="0" success="False" result="Failure" executed="True">
            <failure>
              <message>'-BeNullOrEmpty' is not a valid Should operator.</message>
              <stack-trace>at line: 42 in C:\Program Files\WindowsPowerShell\Modules\Pester\3.4.0\Functions\Assertions\Should.ps1</stack-trace>
            </failure>
          </test-case>
          <test-case description="Should detect if a non-XML response was received" name="Connect-DokuServer.Should detect if a non-XML response was received" time="0.1621" asserts="0" success="False" result="Failure" executed="True">
            <failure>
              <message>'-Be' is not a valid Should operator.</message>
              <stack-trace>at line: 42 in C:\Program Files\WindowsPowerShell\Modules\Pester\3.4.0\Functions\Assertions\Should.ps1</stack-trace>
            </failure>
          </test-case>
          <test-case description="Should detect a fault in the login" name="Connect-DokuServer.Should detect a fault in the login" time="0.1165" asserts="0" success="False" result="Failure" executed="True">
            <failure>
              <message>'-Be' is not a valid Should operator.</message>
              <stack-trace>at line: 42 in C:\Program Files\WindowsPowerShell\Modules\Pester\3.4.0\Functions\Assertions\Should.ps1</stack-trace>
            </failure>
          </test-case>
          <test-case description="Should detect an invalid XML response" name="Connect-DokuServer.Should detect an invalid XML response" time="0.1167" asserts="0" success="False" result="Failure" executed="True">
            <failure>
              <message>'-Be' is not a valid Should operator.</message>
              <stack-trace>at line: 42 in C:\Program Files\WindowsPowerShell\Modules\Pester\3.4.0\Functions\Assertions\Should.ps1</stack-trace>
            </failure>
          </test-case>
        </results>
      </test-suite>
      <test-suite type="TestFixture" name="ConvertTo-XmlRpcMethodCall" executed="True" result="Failure" success="False" time="0.5427" asserts="0" description="ConvertTo-XmlRpcMethodCall">
        <results>
          <test-case description="Should work for methods with no params" name="ConvertTo-XmlRpcMethodCall.Should work for methods with no params" time="0.1646" asserts="0" success="False" result="Failure" executed="True">
            <failure>
              <message>'-be' is not a valid Should operator.</message>
              <stack-trace>at line: 42 in C:\Program Files\WindowsPowerShell\Modules\Pester\3.4.0\Functions\Assertions\Should.ps1</stack-trace>
            </failure>
          </test-case>
          <test-case description="Should work for methods with one (string) parameter" name="ConvertTo-XmlRpcMethodCall.Should work for methods with one (string) parameter" time="0.0856" asserts="0" success="False" result="Failure" executed="True">
            <failure>
              <message>'-be' is not a valid Should operator.</message>
              <stack-trace>at line: 42 in C:\Program Files\WindowsPowerShell\Modules\Pester\3.4.0\Functions\Assertions\Should.ps1</stack-trace>
            </failure>
          </test-case>
          <test-case description="Should work for methods with two parameters" name="ConvertTo-XmlRpcMethodCall.Should work for methods with two parameters" time="0.1111" asserts="0" success="False" result="Failure" executed="True">
            <failure>
              <message>'-be' is not a valid Should operator.</message>
              <stack-trace>at line: 42 in C:\Program Files\WindowsPowerShell\Modules\Pester\3.4.0\Functions\Assertions\Should.ps1</stack-trace>
            </failure>
          </test-case>
          <test-case description="Should fail for empty methods" name="ConvertTo-XmlRpcMethodCall.Should fail for empty methods" time="0.0989" asserts="0" success="False" result="Failure" executed="True">
            <failure>
              <message>'-Throw' is not a valid Should operator.</message>
              <stack-trace>at line: 42 in C:\Program Files\WindowsPowerShell\Modules\Pester\3.4.0\Functions\Assertions\Should.ps1</stack-trace>
            </failure>
          </test-case>
          <test-case description="Should fail for null methods" name="ConvertTo-XmlRpcMethodCall.Should fail for null methods" time="0.0824" asserts="0" success="False" result="Failure" executed="True">
            <failure>
              <message>'-Throw' is not a valid Should operator.</message>
              <stack-trace>at line: 42 in C:\Program Files\WindowsPowerShell\Modules\Pester\3.4.0\Functions\Assertions\Should.ps1</stack-trace>
            </failure>
          </test-case>
        </results>
      </test-suite>
      <test-suite type="TestFixture" name="ConvertTo-XmlRpcType" executed="True" result="Failure" success="False" time="1.7738" asserts="0" description="ConvertTo-XmlRpcType">
        <results>
          <test-case description="Should convert strings with single quotes" name="ConvertTo-XmlRpcType.Should convert strings with single quotes" time="0.1679" asserts="0" success="False" result="Failure" executed="True">
            <failure>
              <message>'-be' is not a valid Should operator.</message>
              <stack-trace>at line: 42 in C:\Program Files\WindowsPowerShell\Modules\Pester\3.4.0\Functions\Assertions\Should.ps1</stack-trace>
            </failure>
          </test-case>
          <test-case description="Should convert strings with double quotes" name="ConvertTo-XmlRpcType.Should convert strings with double quotes" time="0.1108" asserts="0" success="False" result="Failure" executed="True">
            <failure>
              <message>'-be' is not a valid Should operator.</message>
              <stack-trace>at line: 42 in C:\Program Files\WindowsPowerShell\Modules\Pester\3.4.0\Functions\Assertions\Should.ps1</stack-trace>
            </failure>
          </test-case>
          <test-case description="Should convert strings with a length in a multiple of 4" name="ConvertTo-XmlRpcType.Should convert strings with a length in a multiple of 4" time="0.1146" asserts="0" success="False" result="Failure" executed="True">
            <failure>
              <message>'-be' is not a valid Should operator.</message>
              <stack-trace>at line: 42 in C:\Program Files\WindowsPowerShell\Modules\Pester\3.4.0\Functions\Assertions\Should.ps1</stack-trace>
            </failure>
          </test-case>
          <test-case description="Should convert bytes into Base64" name="ConvertTo-XmlRpcType.Should convert bytes into Base64" time="0.1273" asserts="0" success="False" result="Failure" executed="True">
            <failure>
              <message>'-be' is not a valid Should operator.</message>
              <stack-trace>at line: 42 in C:\Program Files\WindowsPowerShell\Modules\Pester\3.4.0\Functions\Assertions\Should.ps1</stack-trace>
            </failure>
          </test-case>
          <test-case description="Should convert Booleans" name="ConvertTo-XmlRpcType.Should convert Booleans" time="0.0868" asserts="0" success="False" result="Failure" executed="True">
            <failure>
              <message>'-be' is not a valid Should operator.</message>
              <stack-trace>at line: 42 in C:\Program Files\WindowsPowerShell\Modules\Pester\3.4.0\Functions\Assertions\Should.ps1</stack-trace>
            </failure>
          </test-case>
          <test-case description="Should convert SwitchParameters" name="ConvertTo-XmlRpcType.Should convert SwitchParameters" time="0.0933" asserts="0" success="False" result="Failure" executed="True">
            <failure>
              <message>'-be' is not a valid Should operator.</message>
              <stack-trace>at line: 42 in C:\Program Files\WindowsPowerShell\Modules\Pester\3.4.0\Functions\Assertions\Should.ps1</stack-trace>
            </failure>
          </test-case>
          <test-case description="Should convert Doubles" name="ConvertTo-XmlRpcType.Should convert Doubles" time="0.0929" asserts="0" success="False" result="Failure" executed="True">
            <failure>
              <message>'-be' is not a valid Should operator.</message>
              <stack-trace>at line: 42 in C:\Program Files\WindowsPowerShell\Modules\Pester\3.4.0\Functions\Assertions\Should.ps1</stack-trace>
            </failure>
          </test-case>
          <test-case description="Should convert Int16" name="ConvertTo-XmlRpcType.Should convert Int16" time="0.0827" asserts="0" success="False" result="Failure" executed="True">
            <failure>
              <message>'-be' is not a valid Should operator.</message>
              <stack-trace>at line: 42 in C:\Program Files\WindowsPowerShell\Modules\Pester\3.4.0\Functions\Assertions\Should.ps1</stack-trace>
            </failure>
          </test-case>
          <test-case description="Should convert Int32" name="ConvertTo-XmlRpcType.Should convert Int32" time="0.088" asserts="0" success="False" result="Failure" executed="True">
            <failure>
              <message>'-be' is not a valid Should operator.</message>
              <stack-trace>at line: 42 in C:\Program Files\WindowsPowerShell\Modules\Pester\3.4.0\Functions\Assertions\Should.ps1</stack-trace>
            </failure>
          </test-case>
          <test-case description="Should convert Int64" name="ConvertTo-XmlRpcType.Should convert Int64" time="0.0816" asserts="0" success="False" result="Failure" executed="True">
            <failure>
              <message>'-be' is not a valid Should operator.</message>
              <stack-trace>at line: 42 in C:\Program Files\WindowsPowerShell\Modules\Pester\3.4.0\Functions\Assertions\Should.ps1</stack-trace>
            </failure>
          </test-case>
          <test-case description="Should convert DateTime" name="ConvertTo-XmlRpcType.Should convert DateTime" time="0.0808" asserts="0" success="False" result="Failure" executed="True">
            <failure>
              <message>'-be' is not a valid Should operator.</message>
              <stack-trace>at line: 42 in C:\Program Files\WindowsPowerShell\Modules\Pester\3.4.0\Functions\Assertions\Should.ps1</stack-trace>
            </failure>
          </test-case>
          <test-case description="Should convert array" name="ConvertTo-XmlRpcType.Should convert array" time="0.0938" asserts="0" success="False" result="Failure" executed="True">
            <failure>
              <message>'-be' is not a valid Should operator.</message>
              <stack-trace>at line: 42 in C:\Program Files\WindowsPowerShell\Modules\Pester\3.4.0\Functions\Assertions\Should.ps1</stack-trace>
            </failure>
          </test-case>
          <test-case description="Should convert hashtables" name="ConvertTo-XmlRpcType.Should convert hashtables" time="0.0837" asserts="0" success="False" result="Failure" executed="True">
            <failure>
              <message>'-be' is not a valid Should operator.</message>
              <stack-trace>at line: 42 in C:\Program Files\WindowsPowerShell\Modules\Pester\3.4.0\Functions\Assertions\Should.ps1</stack-trace>
            </failure>
          </test-case>
          <test-case description="Should convert XML" name="ConvertTo-XmlRpcType.Should convert XML" time="0.1062" asserts="0" success="False" result="Failure" executed="True">
            <failure>
              <message>'-be' is not a valid Should operator.</message>
              <stack-trace>at line: 42 in C:\Program Files\WindowsPowerShell\Modules\Pester\3.4.0\Functions\Assertions\Should.ps1</stack-trace>
            </failure>
          </test-case>
          <test-case description="Should convert mixed data" name="ConvertTo-XmlRpcType.Should convert mixed data" time="0.104" asserts="0" success="False" result="Failure" executed="True">
            <failure>
              <message>'-be' is not a valid Should operator.</message>
              <stack-trace>at line: 42 in C:\Program Files\WindowsPowerShell\Modules\Pester\3.4.0\Functions\Assertions\Should.ps1</stack-trace>
            </failure>
          </test-case>
          <test-case description="Should convert NULL" name="ConvertTo-XmlRpcType.Should convert NULL" time="0.0762" asserts="0" success="False" result="Failure" executed="True">
            <failure>
              <message>'-be' is not a valid Should operator.</message>
              <stack-trace>at line: 42 in C:\Program Files\WindowsPowerShell\Modules\Pester\3.4.0\Functions\Assertions\Should.ps1</stack-trace>
            </failure>
          </test-case>
          <test-case description="Should convert PSObjects" name="ConvertTo-XmlRpcType.Should convert PSObjects" time="0.0869" asserts="0" success="False" result="Failure" executed="True">
            <failure>
              <message>'-be' is not a valid Should operator.</message>
              <stack-trace>at line: 42 in C:\Program Files\WindowsPowerShell\Modules\Pester\3.4.0\Functions\Assertions\Should.ps1</stack-trace>
            </failure>
          </test-case>
          <test-case description="Should convert PSCustomObjects" name="ConvertTo-XmlRpcType.Should convert PSCustomObjects" time="0.0963" asserts="0" success="False" result="Failure" executed="True">
            <failure>
              <message>'-be' is not a valid Should operator.</message>
              <stack-trace>at line: 42 in C:\Program Files\WindowsPowerShell\Modules\Pester\3.4.0\Functions\Assertions\Should.ps1</stack-trace>
            </failure>
          </test-case>
        </results>
      </test-suite>
      <test-suite type="TestFixture" name="Disconnect-DokuServer" executed="True" result="Failure" success="False" time="0.2822" asserts="0" description="Disconnect-DokuServer">
        <results>
          <test-case description="Should nullify the variable correctly" name="Disconnect-DokuServer.Should nullify the variable correctly" time="0.1656" asserts="0" success="False" result="Failure" executed="True">
            <failure>
              <message>'-BeNullOrEmpty' is not a valid Should operator.</message>
              <stack-trace>at line: 42 in C:\Program Files\WindowsPowerShell\Modules\Pester\3.4.0\Functions\Assertions\Should.ps1</stack-trace>
            </failure>
          </test-case>
          <test-case description="Should do nothing if not connected" name="Disconnect-DokuServer.Should do nothing if not connected" time="0.1166" asserts="0" success="False" result="Failure" executed="True">
            <failure>
              <message>'-Not' is not a valid Should operator.</message>
              <stack-trace>at line: 42 in C:\Program Files\WindowsPowerShell\Modules\Pester\3.4.0\Functions\Assertions\Should.ps1</stack-trace>
            </failure>
          </test-case>
        </results>
      </test-suite>
      <test-suite type="TestFixture" name="Get-DokuAllPage" executed="True" result="Failure" success="False" time="1.0729" asserts="0" description="Get-DokuAllPage">
        <results>
          <test-case description="Should display the exception message" name="Get-DokuAllPage.Should display the exception message" time="0.1715" asserts="0" success="False" result="Failure" executed="True">
            <failure>
              <message>'-Be' is not a valid Should operator.</message>
              <stack-trace>at line: 42 in C:\Program Files\WindowsPowerShell\Modules\Pester\3.4.0\Functions\Assertions\Should.ps1</stack-trace>
            </failure>
          </test-case>
          <test-case description="Should display the fault code &amp; string" name="Get-DokuAllPage.Should display the fault code &amp; string" time="0.085" asserts="0" success="False" result="Failure" executed="True">
            <failure>
              <message>'-Be' is not a valid Should operator.</message>
              <stack-trace>at line: 42 in C:\Program Files\WindowsPowerShell\Modules\Pester\3.4.0\Functions\Assertions\Should.ps1</stack-trace>
            </failure>
          </test-case>
          <test-case description="Should return an object with all properties defined" name="Get-DokuAllPage.Should return an object with all properties defined" time="0.1384" asserts="0" success="False" result="Failure" executed="True">
            <failure>
              <message>'-BeNullOrEmpty' is not a valid Should operator.</message>
              <stack-trace>at line: 42 in C:\Program Files\WindowsPowerShell\Modules\Pester\3.4.0\Functions\Assertions\Should.ps1</stack-trace>
            </failure>
          </test-case>
          <test-case description="Should return an object with the correct value for FullName" name="Get-DokuAllPage.Should return an object with the correct value for FullName" time="0.085" asserts="0" success="False" result="Failure" executed="True">
            <failure>
              <message>'-Be' is not a valid Should operator.</message>
              <stack-trace>at line: 42 in C:\Program Files\WindowsPowerShell\Modules\Pester\3.4.0\Functions\Assertions\Should.ps1</stack-trace>
            </failure>
          </test-case>
          <test-case description="Should return an object with the correct value for Acl" name="Get-DokuAllPage.Should return an object with the correct value for Acl" time="0.0859" asserts="0" success="False" result="Failure" executed="True">
            <failure>
              <message>'-Be' is not a valid Should operator.</message>
              <stack-trace>at line: 42 in C:\Program Files\WindowsPowerShell\Modules\Pester\3.4.0\Functions\Assertions\Should.ps1</stack-trace>
            </failure>
          </test-case>
          <test-case description="Should return an object with the correct value for Size" name="Get-DokuAllPage.Should return an object with the correct value for Size" time="0.0806" asserts="0" success="False" result="Failure" executed="True">
            <failure>
              <message>'-Be' is not a valid Should operator.</message>
              <stack-trace>at line: 42 in C:\Program Files\WindowsPowerShell\Modules\Pester\3.4.0\Functions\Assertions\Should.ps1</stack-trace>
            </failure>
          </test-case>
          <test-case description="Should return an object with the correct value for LastModified" name="Get-DokuAllPage.Should return an object with the correct value for LastModified" time="0.0858" asserts="0" success="False" result="Failure" executed="True">
            <failure>
              <message>'-Be' is not a valid Should operator.</message>
              <stack-trace>at line: 42 in C:\Program Files\WindowsPowerShell\Modules\Pester\3.4.0\Functions\Assertions\Should.ps1</stack-trace>
            </failure>
          </test-case>
          <test-case description="Should return an object with the correct value for LastModifiedRaw" name="Get-DokuAllPage.Should return an object with the correct value for LastModifiedRaw" time="0.083" asserts="0" success="False" result="Failure" executed="True">
            <failure>
              <message>'-Be' is not a valid Should operator.</message>
              <stack-trace>at line: 42 in C:\Program Files\WindowsPowerShell\Modules\Pester\3.4.0\Functions\Assertions\Should.ps1</stack-trace>
            </failure>
          </test-case>
          <test-case description="Should return an object with the correct value for ParentNamespace" name="Get-DokuAllPage.Should return an object with the correct value for ParentNamespace" time="0.0885" asserts="0" success="False" result="Failure" executed="True">
            <failure>
              <message>'-Be' is not a valid Should operator.</message>
              <stack-trace>at line: 42 in C:\Program Files\WindowsPowerShell\Modules\Pester\3.4.0\Functions\Assertions\Should.ps1</stack-trace>
            </failure>
          </test-case>
          <test-case description="Should return an object with the correct value for RootNamespace" name="Get-DokuAllPage.Should return an object with the correct value for RootNamespace" time="0.0789" asserts="0" success="False" result="Failure" executed="True">
            <failure>
              <message>'-Be' is not a valid Should operator.</message>
              <stack-trace>at line: 42 in C:\Program Files\WindowsPowerShell\Modules\Pester\3.4.0\Functions\Assertions\Should.ps1</stack-trace>
            </failure>
          </test-case>
          <test-case description="Should return an object with the correct value for Pagename" name="Get-DokuAllPage.Should return an object with the correct value for Pagename" time="0.0904" asserts="0" success="False" result="Failure" executed="True">
            <failure>
              <message>'-Be' is not a valid Should operator.</message>
              <stack-trace>at line: 42 in C:\Program Files\WindowsPowerShell\Modules\Pester\3.4.0\Functions\Assertions\Should.ps1</stack-trace>
            </failure>
          </test-case>
        </results>
      </test-suite>
      <test-suite type="TestFixture" name="Get-DokuAttachmentInfo" executed="True" result="Failure" success="False" time="0.9194" asserts="0" description="Get-DokuAttachmentInfo">
        <results>
          <test-case description="Should display the exception message" name="Get-DokuAttachmentInfo.Should display the exception message" time="0.1641" asserts="0" success="False" result="Failure" executed="True">
            <failure>
              <message>'-Be' is not a valid Should operator.</message>
              <stack-trace>at line: 42 in C:\Program Files\WindowsPowerShell\Modules\Pester\3.4.0\Functions\Assertions\Should.ps1</stack-trace>
            </failure>
          </test-case>
          <test-case description="Should display the fault code &amp; string" name="Get-DokuAttachmentInfo.Should display the fault code &amp; string" time="0.0909" asserts="0" success="False" result="Failure" executed="True">
            <failure>
              <message>'-Be' is not a valid Should operator.</message>
              <stack-trace>at line: 42 in C:\Program Files\WindowsPowerShell\Modules\Pester\3.4.0\Functions\Assertions\Should.ps1</stack-trace>
            </failure>
          </test-case>
          <test-case description="Should return an object with all properties defined" name="Get-DokuAttachmentInfo.Should return an object with all properties defined" time="0.1448" asserts="0" success="False" result="Failure" executed="True">
            <failure>
              <message>'-BeNullOrEmpty' is not a valid Should operator.</message>
              <stack-trace>at line: 42 in C:\Program Files\WindowsPowerShell\Modules\Pester\3.4.0\Functions\Assertions\Should.ps1</stack-trace>
            </failure>
          </test-case>
          <test-case description="Should return an object with the correct value for FullName" name="Get-DokuAttachmentInfo.Should return an object with the correct value for FullName" time="0.0854" asserts="0" success="False" result="Failure" executed="True">
            <failure>
              <message>'-Be' is not a valid Should operator.</message>
              <stack-trace>at line: 42 in C:\Program Files\WindowsPowerShell\Modules\Pester\3.4.0\Functions\Assertions\Should.ps1</stack-trace>
            </failure>
          </test-case>
          <test-case description="Should return an object with the correct value for FileName" name="Get-DokuAttachmentInfo.Should return an object with the correct value for FileName" time="0.0818" asserts="0" success="False" result="Failure" executed="True">
            <failure>
              <message>'-Be' is not a valid Should operator.</message>
              <stack-trace>at line: 42 in C:\Program Files\WindowsPowerShell\Modules\Pester\3.4.0\Functions\Assertions\Should.ps1</stack-trace>
            </failure>
          </test-case>
          <test-case description="Should return an object with the correct value for Size" name="Get-DokuAttachmentInfo.Should return an object with the correct value for Size" time="0.0942" asserts="0" success="False" result="Failure" executed="True">
            <failure>
              <message>'-Be' is not a valid Should operator.</message>
              <stack-trace>at line: 42 in C:\Program Files\WindowsPowerShell\Modules\Pester\3.4.0\Functions\Assertions\Should.ps1</stack-trace>
            </failure>
          </test-case>
          <test-case description="Should return an object with the correct value for LastModified" name="Get-DokuAttachmentInfo.Should return an object with the correct value for LastModified" time="0.0918" asserts="0" success="False" result="Failure" executed="True">
            <failure>
              <message>'-Be' is not a valid Should operator.</message>
              <stack-trace>at line: 42 in C:\Program Files\WindowsPowerShell\Modules\Pester\3.4.0\Functions\Assertions\Should.ps1</stack-trace>
            </failure>
          </test-case>
          <test-case description="Should return an object with the correct value for ParentNamespace" name="Get-DokuAttachmentInfo.Should return an object with the correct value for ParentNamespace" time="0.0835" asserts="0" success="False" result="Failure" executed="True">
            <failure>
              <message>'-Be' is not a valid Should operator.</message>
              <stack-trace>at line: 42 in C:\Program Files\WindowsPowerShell\Modules\Pester\3.4.0\Functions\Assertions\Should.ps1</stack-trace>
            </failure>
          </test-case>
          <test-case description="Should return an object with the correct value for RootNamespace" name="Get-DokuAttachmentInfo.Should return an object with the correct value for RootNamespace" time="0.0828" asserts="0" success="False" result="Failure" executed="True">
            <failure>
              <message>'-Be' is not a valid Should operator.</message>
              <stack-trace>at line: 42 in C:\Program Files\WindowsPowerShell\Modules\Pester\3.4.0\Functions\Assertions\Should.ps1</stack-trace>
            </failure>
          </test-case>
        </results>
      </test-suite>
      <test-suite type="TestFixture" name="Get-DokuAttachmentList" executed="True" result="Failure" success="False" time="2.024" asserts="0" description="Get-DokuAttachmentList">
        <results>
          <test-case description="Should display the exception message" name="Get-DokuAttachmentList.Should display the exception message" time="0.1867" asserts="0" success="False" result="Failure" executed="True">
            <failure>
              <message>'-Be' is not a valid Should operator.</message>
              <stack-trace>at line: 42 in C:\Program Files\WindowsPowerShell\Modules\Pester\3.4.0\Functions\Assertions\Should.ps1</stack-trace>
            </failure>
          </test-case>
          <test-case description="Should display the fault code &amp; string" name="Get-DokuAttachmentList.Should display the fault code &amp; string" time="0.0928" asserts="0" success="False" result="Failure" executed="True">
            <failure>
              <message>'-Be' is not a valid Should operator.</message>
              <stack-trace>at line: 42 in C:\Program Files\WindowsPowerShell\Modules\Pester\3.4.0\Functions\Assertions\Should.ps1</stack-trace>
            </failure>
          </test-case>
          <test-case description="Should return an object with all properties defined" name="Get-DokuAttachmentList.Should return an object with all properties defined" time="0.1433" asserts="0" success="False" result="Failure" executed="True">
            <failure>
              <message>'-BeNullOrEmpty' is not a valid Should operator.</message>
              <stack-trace>at line: 42 in C:\Program Files\WindowsPowerShell\Modules\Pester\3.4.0\Functions\Assertions\Should.ps1</stack-trace>
            </failure>
          </test-case>
          <test-case description="Should return an object with the correct value for FullName" name="Get-DokuAttachmentList.Should return an object with the correct value for FullName" time="0.0835" asserts="0" success="False" result="Failure" executed="True">
            <failure>
              <message>'-Be' is not a valid Should operator.</message>
              <stack-trace>at line: 42 in C:\Program Files\WindowsPowerShell\Modules\Pester\3.4.0\Functions\Assertions\Should.ps1</stack-trace>
            </failure>
          </test-case>
          <test-case description="Should return an object with the correct value for Name" name="Get-DokuAttachmentList.Should return an object with the correct value for Name" time="0.0827" asserts="0" success="False" result="Failure" executed="True">
            <failure>
              <message>'-Be' is not a valid Should operator.</message>
              <stack-trace>at line: 42 in C:\Program Files\WindowsPowerShell\Modules\Pester\3.4.0\Functions\Assertions\Should.ps1</stack-trace>
            </failure>
          </test-case>
          <test-case description="Should return an object with the correct value for Size" name="Get-DokuAttachmentList.Should return an object with the correct value for Size" time="0.081" asserts="0" success="False" result="Failure" executed="True">
            <failure>
              <message>'-Be' is not a valid Should operator.</message>
              <stack-trace>at line: 42 in C:\Program Files\WindowsPowerShell\Modules\Pester\3.4.0\Functions\Assertions\Should.ps1</stack-trace>
            </failure>
          </test-case>
          <test-case description="Should return an object with the correct value for IsWritable" name="Get-DokuAttachmentList.Should return an object with the correct value for IsWritable" time="0.0862" asserts="0" success="False" result="Failure" executed="True">
            <failure>
              <message>'-Be' is not a valid Should operator.</message>
              <stack-trace>at line: 42 in C:\Program Files\WindowsPowerShell\Modules\Pester\3.4.0\Functions\Assertions\Should.ps1</stack-trace>
            </failure>
          </test-case>
          <test-case description="Should return an object with the correct value for IsImage" name="Get-DokuAttachmentList.Should return an object with the correct value for IsImage" time="0.0811" asserts="0" success="False" result="Failure" executed="True">
            <failure>
              <message>'-Be' is not a valid Should operator.</message>
              <stack-trace>at line: 42 in C:\Program Files\WindowsPowerShell\Modules\Pester\3.4.0\Functions\Assertions\Should.ps1</stack-trace>
            </failure>
          </test-case>
          <test-case description="Should return an object with the correct value for LastModified" name="Get-DokuAttachmentList.Should return an object with the correct value for LastModified" time="0.0884" asserts="0" success="False" result="Failure" executed="True">
            <failure>
              <message>'-Be' is not a valid Should operator.</message>
              <stack-trace>at line: 42 in C:\Program Files\WindowsPowerShell\Modules\Pester\3.4.0\Functions\Assertions\Should.ps1</stack-trace>
            </failure>
          </test-case>
          <test-case description="Should return an object with the correct value for VersionTimestamp" name="Get-DokuAttachmentList.Should return an object with the correct value for VersionTimestamp" time="0.0823" asserts="0" success="False" result="Failure" executed="True">
            <failure>
              <message>'-Be' is not a valid Should operator.</message>
              <stack-trace>at line: 42 in C:\Program Files\WindowsPowerShell\Modules\Pester\3.4.0\Functions\Assertions\Should.ps1</stack-trace>
            </failure>
          </test-case>
          <test-case description="Should return an object with the correct value for ParentNamespace" name="Get-DokuAttachmentList.Should return an object with the correct value for ParentNamespace" time="0.0848" asserts="0" success="False" result="Failure" executed="True">
            <failure>
              <message>'-Be' is not a valid Should operator.</message>
              <stack-trace>at line: 42 in C:\Program Files\WindowsPowerShell\Modules\Pester\3.4.0\Functions\Assertions\Should.ps1</stack-trace>
            </failure>
          </test-case>
          <test-case description="Should return an object with the correct value for RootNamespace" name="Get-DokuAttachmentList.Should return an object with the correct value for RootNamespace" time="0.0778" asserts="0" success="False" result="Failure" executed="True">
            <failure>
              <message>'-Be' is not a valid Should operator.</message>
              <stack-trace>at line: 42 in C:\Program Files\WindowsPowerShell\Modules\Pester\3.4.0\Functions\Assertions\Should.ps1</stack-trace>
            </failure>
          </test-case>
          <test-case description="Should return objects with all properties defined" name="Get-DokuAttachmentList.Should return objects with all properties defined" time="0.1364" asserts="0" success="False" result="Failure" executed="True">
            <failure>
              <message>'-BeNullOrEmpty' is not a valid Should operator.</message>
              <stack-trace>at line: 42 in C:\Program Files\WindowsPowerShell\Modules\Pester\3.4.0\Functions\Assertions\Should.ps1</stack-trace>
            </failure>
          </test-case>
          <test-case description="Should return an object with the correct value for FullName" name="Get-DokuAttachmentList.Should return an object with the correct value for FullName" time="0.0809" asserts="0" success="False" result="Failure" executed="True">
            <failure>
              <message>'-Be' is not a valid Should operator.</message>
              <stack-trace>at line: 42 in C:\Program Files\WindowsPowerShell\Modules\Pester\3.4.0\Functions\Assertions\Should.ps1</stack-trace>
            </failure>
          </test-case>
          <test-case description="Should return an object with the correct value for Name" name="Get-DokuAttachmentList.Should return an object with the correct value for Name" time="0.0846" asserts="0" success="False" result="Failure" executed="True">
            <failure>
              <message>'-Be' is not a valid Should operator.</message>
              <stack-trace>at line: 42 in C:\Program Files\WindowsPowerShell\Modules\Pester\3.4.0\Functions\Assertions\Should.ps1</stack-trace>
            </failure>
          </test-case>
          <test-case description="Should return an object with the correct value for Size" name="Get-DokuAttachmentList.Should return an object with the correct value for Size" time="0.0863" asserts="0" success="False" result="Failure" executed="True">
            <failure>
              <message>'-Be' is not a valid Should operator.</message>
              <stack-trace>at line: 42 in C:\Program Files\WindowsPowerShell\Modules\Pester\3.4.0\Functions\Assertions\Should.ps1</stack-trace>
            </failure>
          </test-case>
          <test-case description="Should return an object with the correct value for IsWritable" name="Get-DokuAttachmentList.Should return an object with the correct value for IsWritable" time="0.0783" asserts="0" success="False" result="Failure" executed="True">
            <failure>
              <message>'-Be' is not a valid Should operator.</message>
              <stack-trace>at line: 42 in C:\Program Files\WindowsPowerShell\Modules\Pester\3.4.0\Functions\Assertions\Should.ps1</stack-trace>
            </failure>
          </test-case>
          <test-case description="Should return an object with the correct value for IsImage" name="Get-DokuAttachmentList.Should return an object with the correct value for IsImage" time="0.0731" asserts="0" success="False" result="Failure" executed="True">
            <failure>
              <message>'-Be' is not a valid Should operator.</message>
              <stack-trace>at line: 42 in C:\Program Files\WindowsPowerShell\Modules\Pester\3.4.0\Functions\Assertions\Should.ps1</stack-trace>
            </failure>
          </test-case>
          <test-case description="Should return an object with the correct value for LastModified" name="Get-DokuAttachmentList.Should return an object with the correct value for LastModified" time="0.0768" asserts="0" success="False" result="Failure" executed="True">
            <failure>
              <message>'-Be' is not a valid Should operator.</message>
              <stack-trace>at line: 42 in C:\Program Files\WindowsPowerShell\Modules\Pester\3.4.0\Functions\Assertions\Should.ps1</stack-trace>
            </failure>
          </test-case>
          <test-case description="Should return an object with the correct value for VersionTimestamp" name="Get-DokuAttachmentList.Should return an object with the correct value for VersionTimestamp" time="0.0778" asserts="0" success="False" result="Failure" executed="True">
            <failure>
              <message>'-Be' is not a valid Should operator.</message>
              <stack-trace>at line: 42 in C:\Program Files\WindowsPowerShell\Modules\Pester\3.4.0\Functions\Assertions\Should.ps1</stack-trace>
            </failure>
          </test-case>
          <test-case description="Should return an object with the correct value for ParentNamespace" name="Get-DokuAttachmentList.Should return an object with the correct value for ParentNamespace" time="0.0771" asserts="0" success="False" result="Failure" executed="True">
            <failure>
              <message>'-Be' is not a valid Should operator.</message>
              <stack-trace>at line: 42 in C:\Program Files\WindowsPowerShell\Modules\Pester\3.4.0\Functions\Assertions\Should.ps1</stack-trace>
            </failure>
          </test-case>
          <test-case description="Should return an object with the correct value for RootNamespace" name="Get-DokuAttachmentList.Should return an object with the correct value for RootNamespace" time="0.0822" asserts="0" success="False" result="Failure" executed="True">
            <failure>
              <message>'-Be' is not a valid Should operator.</message>
              <stack-trace>at line: 42 in C:\Program Files\WindowsPowerShell\Modules\Pester\3.4.0\Functions\Assertions\Should.ps1</stack-trace>
            </failure>
          </test-case>
        </results>
      </test-suite>
      <test-suite type="TestFixture" name="Get-DokuPageAcl" executed="True" result="Failure" success="False" time="0.7867" asserts="0" description="Get-DokuPageAcl">
        <results>
          <test-case description="Should display the exception message" name="Get-DokuPageAcl.Should display the exception message" time="0.1658" asserts="0" success="False" result="Failure" executed="True">
            <failure>
              <message>'-Be' is not a valid Should operator.</message>
              <stack-trace>at line: 42 in C:\Program Files\WindowsPowerShell\Modules\Pester\3.4.0\Functions\Assertions\Should.ps1</stack-trace>
            </failure>
          </test-case>
          <test-case description="Should display the fault code &amp; string" name="Get-DokuPageAcl.Should display the fault code &amp; string" time="0.0873" asserts="0" success="False" result="Failure" executed="True">
            <failure>
              <message>'-Be' is not a valid Should operator.</message>
              <stack-trace>at line: 42 in C:\Program Files\WindowsPowerShell\Modules\Pester\3.4.0\Functions\Assertions\Should.ps1</stack-trace>
            </failure>
          </test-case>
          <test-case description="Should return an object with all properties defined" name="Get-DokuPageAcl.Should return an object with all properties defined" time="0.1345" asserts="0" success="False" result="Failure" executed="True">
            <failure>
              <message>'-BeNullOrEmpty' is not a valid Should operator.</message>
              <stack-trace>at line: 42 in C:\Program Files\WindowsPowerShell\Modules\Pester\3.4.0\Functions\Assertions\Should.ps1</stack-trace>
            </failure>
          </test-case>
          <test-case description="Should return an object with the correct value for FullName" name="Get-DokuPageAcl.Should return an object with the correct value for FullName" time="0.0733" asserts="0" success="False" result="Failure" executed="True">
            <failure>
              <message>'-Be' is not a valid Should operator.</message>
              <stack-trace>at line: 42 in C:\Program Files\WindowsPowerShell\Modules\Pester\3.4.0\Functions\Assertions\Should.ps1</stack-trace>
            </failure>
          </test-case>
          <test-case description="Should return an object with the correct value for PageName" name="Get-DokuPageAcl.Should return an object with the correct value for PageName" time="0.0761" asserts="0" success="False" result="Failure" executed="True">
            <failure>
              <message>'-Be' is not a valid Should operator.</message>
              <stack-trace>at line: 42 in C:\Program Files\WindowsPowerShell\Modules\Pester\3.4.0\Functions\Assertions\Should.ps1</stack-trace>
            </failure>
          </test-case>
          <test-case description="Should return an object with the correct value for Acl" name="Get-DokuPageAcl.Should return an object with the correct value for Acl" time="0.0832" asserts="0" success="False" result="Failure" executed="True">
            <failure>
              <message>'-Be' is not a valid Should operator.</message>
              <stack-trace>at line: 42 in C:\Program Files\WindowsPowerShell\Modules\Pester\3.4.0\Functions\Assertions\Should.ps1</stack-trace>
            </failure>
          </test-case>
          <test-case description="Should return an object with the correct value for ParentNamespace" name="Get-DokuPageAcl.Should return an object with the correct value for ParentNamespace" time="0.0843" asserts="0" success="False" result="Failure" executed="True">
            <failure>
              <message>'-Be' is not a valid Should operator.</message>
              <stack-trace>at line: 42 in C:\Program Files\WindowsPowerShell\Modules\Pester\3.4.0\Functions\Assertions\Should.ps1</stack-trace>
            </failure>
          </test-case>
          <test-case description="Should return an object with the correct value for RootNamespace" name="Get-DokuPageAcl.Should return an object with the correct value for RootNamespace" time="0.0823" asserts="0" success="False" result="Failure" executed="True">
            <failure>
              <message>'-Be' is not a valid Should operator.</message>
              <stack-trace>at line: 42 in C:\Program Files\WindowsPowerShell\Modules\Pester\3.4.0\Functions\Assertions\Should.ps1</stack-trace>
            </failure>
          </test-case>
        </results>
      </test-suite>
      <test-suite type="TestFixture" name="Get-DokuPageBackLink" executed="True" result="Failure" success="False" time="1.1346" asserts="0" description="Get-DokuPageBackLink">
        <results>
          <test-case description="Should display the exception message" name="Get-DokuPageBackLink.Should display the exception message" time="0.1649" asserts="0" success="False" result="Failure" executed="True">
            <failure>
              <message>'-Be' is not a valid Should operator.</message>
              <stack-trace>at line: 42 in C:\Program Files\WindowsPowerShell\Modules\Pester\3.4.0\Functions\Assertions\Should.ps1</stack-trace>
            </failure>
          </test-case>
          <test-case description="Should display the fault code &amp; string" name="Get-DokuPageBackLink.Should display the fault code &amp; string" time="0.0859" asserts="0" success="False" result="Failure" executed="True">
            <failure>
              <message>'-Be' is not a valid Should operator.</message>
              <stack-trace>at line: 42 in C:\Program Files\WindowsPowerShell\Modules\Pester\3.4.0\Functions\Assertions\Should.ps1</stack-trace>
            </failure>
          </test-case>
          <test-case description="Should return an object with all properties defined" name="Get-DokuPageBackLink.Should return an object with all properties defined" time="0.1324" asserts="0" success="False" result="Failure" executed="True">
            <failure>
              <message>'-BeNullOrEmpty' is not a valid Should operator.</message>
              <stack-trace>at line: 42 in C:\Program Files\WindowsPowerShell\Modules\Pester\3.4.0\Functions\Assertions\Should.ps1</stack-trace>
            </failure>
          </test-case>
          <test-case description="Should return an object with the correct value for FullName" name="Get-DokuPageBackLink.Should return an object with the correct value for FullName" time="0.0782" asserts="0" success="False" result="Failure" executed="True">
            <failure>
              <message>'-Be' is not a valid Should operator.</message>
              <stack-trace>at line: 42 in C:\Program Files\WindowsPowerShell\Modules\Pester\3.4.0\Functions\Assertions\Should.ps1</stack-trace>
            </failure>
          </test-case>
          <test-case description="Should return an object with the correct value for PageName" name="Get-DokuPageBackLink.Should return an object with the correct value for PageName" time="0.0743" asserts="0" success="False" result="Failure" executed="True">
            <failure>
              <message>'-Be' is not a valid Should operator.</message>
              <stack-trace>at line: 42 in C:\Program Files\WindowsPowerShell\Modules\Pester\3.4.0\Functions\Assertions\Should.ps1</stack-trace>
            </failure>
          </test-case>
          <test-case description="Should return an object with the correct value for ParentNamespace" name="Get-DokuPageBackLink.Should return an object with the correct value for ParentNamespace" time="0.0784" asserts="0" success="False" result="Failure" executed="True">
            <failure>
              <message>'-Be' is not a valid Should operator.</message>
              <stack-trace>at line: 42 in C:\Program Files\WindowsPowerShell\Modules\Pester\3.4.0\Functions\Assertions\Should.ps1</stack-trace>
            </failure>
          </test-case>
          <test-case description="Should return an object with the correct value for RootNamespace" name="Get-DokuPageBackLink.Should return an object with the correct value for RootNamespace" time="0.077" asserts="0" success="False" result="Failure" executed="True">
            <failure>
              <message>'-Be' is not a valid Should operator.</message>
              <stack-trace>at line: 42 in C:\Program Files\WindowsPowerShell\Modules\Pester\3.4.0\Functions\Assertions\Should.ps1</stack-trace>
            </failure>
          </test-case>
          <test-case description="Should return an object with all properties defined" name="Get-DokuPageBackLink.Should return an object with all properties defined" time="0.1304" asserts="0" success="False" result="Failure" executed="True">
            <failure>
              <message>'-BeNullOrEmpty' is not a valid Should operator.</message>
              <stack-trace>at line: 42 in C:\Program Files\WindowsPowerShell\Modules\Pester\3.4.0\Functions\Assertions\Should.ps1</stack-trace>
            </failure>
          </test-case>
          <test-case description="Should return an object with the correct value for FullName" name="Get-DokuPageBackLink.Should return an object with the correct value for FullName" time="0.0811" asserts="0" success="False" result="Failure" executed="True">
            <failure>
              <message>'-Be' is not a valid Should operator.</message>
              <stack-trace>at line: 42 in C:\Program Files\WindowsPowerShell\Modules\Pester\3.4.0\Functions\Assertions\Should.ps1</stack-trace>
            </failure>
          </test-case>
          <test-case description="Should return an object with the correct value for PageName" name="Get-DokuPageBackLink.Should return an object with the correct value for PageName" time="0.0815" asserts="0" success="False" result="Failure" executed="True">
            <failure>
              <message>'-Be' is not a valid Should operator.</message>
              <stack-trace>at line: 42 in C:\Program Files\WindowsPowerShell\Modules\Pester\3.4.0\Functions\Assertions\Should.ps1</stack-trace>
            </failure>
          </test-case>
          <test-case description="Should return an object with the correct value for ParentNamespace" name="Get-DokuPageBackLink.Should return an object with the correct value for ParentNamespace" time="0.0772" asserts="0" success="False" result="Failure" executed="True">
            <failure>
              <message>'-Be' is not a valid Should operator.</message>
              <stack-trace>at line: 42 in C:\Program Files\WindowsPowerShell\Modules\Pester\3.4.0\Functions\Assertions\Should.ps1</stack-trace>
            </failure>
          </test-case>
          <test-case description="Should return an object with the correct value for RootNamespace" name="Get-DokuPageBackLink.Should return an object with the correct value for RootNamespace" time="0.0731" asserts="0" success="False" result="Failure" executed="True">
            <failure>
              <message>'-Be' is not a valid Should operator.</message>
              <stack-trace>at line: 42 in C:\Program Files\WindowsPowerShell\Modules\Pester\3.4.0\Functions\Assertions\Should.ps1</stack-trace>
            </failure>
          </test-case>
        </results>
      </test-suite>
      <test-suite type="TestFixture" name="Get-DokuPageData" executed="True" result="Failure" success="False" time="1.6824" asserts="0" description="Get-DokuPageData">
        <results>
          <test-case description="Should display the exception message" name="Get-DokuPageData.Should display the exception message" time="0.1647" asserts="0" success="False" result="Failure" executed="True">
            <failure>
              <message>'-Be' is not a valid Should operator.</message>
              <stack-trace>at line: 42 in C:\Program Files\WindowsPowerShell\Modules\Pester\3.4.0\Functions\Assertions\Should.ps1</stack-trace>
            </failure>
          </test-case>
          <test-case description="Should display the fault code &amp; string" name="Get-DokuPageData.Should display the fault code &amp; string" time="0.0834" asserts="0" success="False" result="Failure" executed="True">
            <failure>
              <message>'-Be' is not a valid Should operator.</message>
              <stack-trace>at line: 42 in C:\Program Files\WindowsPowerShell\Modules\Pester\3.4.0\Functions\Assertions\Should.ps1</stack-trace>
            </failure>
          </test-case>
          <test-case description="Should return an object with all properties defined" name="Get-DokuPageData.Should return an object with all properties defined" time="0.1334" asserts="0" success="False" result="Failure" executed="True">
            <failure>
              <message>'-BeNullOrEmpty' is not a valid Should operator.</message>
              <stack-trace>at line: 42 in C:\Program Files\WindowsPowerShell\Modules\Pester\3.4.0\Functions\Assertions\Should.ps1</stack-trace>
            </failure>
          </test-case>
          <test-case description="Should return an object with the correct value for TimeChecked" name="Get-DokuPageData.Should return an object with the correct value for TimeChecked" time="0.0772" asserts="0" success="False" result="Failure" executed="True">
            <failure>
              <message>'-BeGreaterThan' is not a valid Should operator.</message>
              <stack-trace>at line: 42 in C:\Program Files\WindowsPowerShell\Modules\Pester\3.4.0\Functions\Assertions\Should.ps1</stack-trace>
            </failure>
          </test-case>
          <test-case description="Should return an object with the correct value for FullName" name="Get-DokuPageData.Should return an object with the correct value for FullName" time="0.0822" asserts="0" success="False" result="Failure" executed="True">
            <failure>
              <message>'-Be' is not a valid Should operator.</message>
              <stack-trace>at line: 42 in C:\Program Files\WindowsPowerShell\Modules\Pester\3.4.0\Functions\Assertions\Should.ps1</stack-trace>
            </failure>
          </test-case>
          <test-case description="Should return an object with the correct value for RawText" name="Get-DokuPageData.Should return an object with the correct value for RawText" time="0.0772" asserts="0" success="False" result="Failure" executed="True">
            <failure>
              <message>'-Be' is not a valid Should operator.</message>
              <stack-trace>at line: 42 in C:\Program Files\WindowsPowerShell\Modules\Pester\3.4.0\Functions\Assertions\Should.ps1</stack-trace>
            </failure>
          </test-case>
          <test-case description="Should return an object with the correct value for PageName" name="Get-DokuPageData.Should return an object with the correct value for PageName" time="0.0763" asserts="0" success="False" result="Failure" executed="True">
            <failure>
              <message>'-Be' is not a valid Should operator.</message>
              <stack-trace>at line: 42 in C:\Program Files\WindowsPowerShell\Modules\Pester\3.4.0\Functions\Assertions\Should.ps1</stack-trace>
            </failure>
          </test-case>
          <test-case description="Should return an object with the correct value for ParentNamespace" name="Get-DokuPageData.Should return an object with the correct value for ParentNamespace" time="0.0864" asserts="0" success="False" result="Failure" executed="True">
            <failure>
              <message>'-Be' is not a valid Should operator.</message>
              <stack-trace>at line: 42 in C:\Program Files\WindowsPowerShell\Modules\Pester\3.4.0\Functions\Assertions\Should.ps1</stack-trace>
            </failure>
          </test-case>
          <test-case description="Should return an object with the correct value for RootNamespace" name="Get-DokuPageData.Should return an object with the correct value for RootNamespace" time="0.0725" asserts="0" success="False" result="Failure" executed="True">
            <failure>
              <message>'-Be' is not a valid Should operator.</message>
              <stack-trace>at line: 42 in C:\Program Files\WindowsPowerShell\Modules\Pester\3.4.0\Functions\Assertions\Should.ps1</stack-trace>
            </failure>
          </test-case>
          <test-case description="Should return an object with all properties defined" name="Get-DokuPageData.Should return an object with all properties defined" time="0.1278" asserts="0" success="False" result="Failure" executed="True">
            <failure>
              <message>'-BeNullOrEmpty' is not a valid Should operator.</message>
              <stack-trace>at line: 42 in C:\Program Files\WindowsPowerShell\Modules\Pester\3.4.0\Functions\Assertions\Should.ps1</stack-trace>
            </failure>
          </test-case>
          <test-case description="Should return an object with the correct value for TimeChecked" name="Get-DokuPageData.Should return an object with the correct value for TimeChecked" time="0.0895" asserts="0" success="False" result="Failure" executed="True">
            <failure>
              <message>'-BeGreaterThan' is not a valid Should operator.</message>
              <stack-trace>at line: 42 in C:\Program Files\WindowsPowerShell\Modules\Pester\3.4.0\Functions\Assertions\Should.ps1</stack-trace>
            </failure>
          </test-case>
          <test-case description="Should return an object with the correct value for FullName" name="Get-DokuPageData.Should return an object with the correct value for FullName" time="0.0804" asserts="0" success="False" result="Failure" executed="True">
            <failure>
              <message>'-Be' is not a valid Should operator.</message>
              <stack-trace>at line: 42 in C:\Program Files\WindowsPowerShell\Modules\Pester\3.4.0\Functions\Assertions\Should.ps1</stack-trace>
            </failure>
          </test-case>
          <test-case description="Should return an object with the correct value for RawText" name="Get-DokuPageData.Should return an object with the correct value for RawText" time="0.0831" asserts="0" success="False" result="Failure" executed="True">
            <failure>
              <message>'-Be' is not a valid Should operator.</message>
              <stack-trace>at line: 42 in C:\Program Files\WindowsPowerShell\Modules\Pester\3.4.0\Functions\Assertions\Should.ps1</stack-trace>
            </failure>
          </test-case>
          <test-case description="Should return an object with the correct value for PageName" name="Get-DokuPageData.Should return an object with the correct value for PageName" time="0.0731" asserts="0" success="False" result="Failure" executed="True">
            <failure>
              <message>'-Be' is not a valid Should operator.</message>
              <stack-trace>at line: 42 in C:\Program Files\WindowsPowerShell\Modules\Pester\3.4.0\Functions\Assertions\Should.ps1</stack-trace>
            </failure>
          </test-case>
          <test-case description="Should return an object with the correct value for ParentNamespace" name="Get-DokuPageData.Should return an object with the correct value for ParentNamespace" time="0.0731" asserts="0" success="False" result="Failure" executed="True">
            <failure>
              <message>'-Be' is not a valid Should operator.</message>
              <stack-trace>at line: 42 in C:\Program Files\WindowsPowerShell\Modules\Pester\3.4.0\Functions\Assertions\Should.ps1</stack-trace>
            </failure>
          </test-case>
          <test-case description="Should return an object with the correct value for RootNamespace" name="Get-DokuPageData.Should return an object with the correct value for RootNamespace" time="0.0799" asserts="0" success="False" result="Failure" executed="True">
            <failure>
              <message>'-Be' is not a valid Should operator.</message>
              <stack-trace>at line: 42 in C:\Program Files\WindowsPowerShell\Modules\Pester\3.4.0\Functions\Assertions\Should.ps1</stack-trace>
            </failure>
          </test-case>
          <test-case description="Should call Invoke-DokuApiCall twice" name="Get-DokuPageData.Should call Invoke-DokuApiCall twice" time="0.0364" asserts="0" success="True" result="Success" executed="True" />
          <test-case description="Should return a string" name="Get-DokuPageData.Should return a string" time="0.1045" asserts="0" success="False" result="Failure" executed="True">
            <failure>
              <message>'-BeOfType' is not a valid Should operator.</message>
              <stack-trace>at line: 42 in C:\Program Files\WindowsPowerShell\Modules\Pester\3.4.0\Functions\Assertions\Should.ps1</stack-trace>
            </failure>
          </test-case>
          <test-case description="Should return the raw page data" name="Get-DokuPageData.Should return the raw page data" time="0.0815" asserts="0" success="False" result="Failure" executed="True">
            <failure>
              <message>'-Be' is not a valid Should operator.</message>
              <stack-trace>at line: 42 in C:\Program Files\WindowsPowerShell\Modules\Pester\3.4.0\Functions\Assertions\Should.ps1</stack-trace>
            </failure>
          </test-case>
        </results>
      </test-suite>
      <test-suite type="TestFixture" name="Get-DokuPageHtml" executed="True" result="Failure" success="False" time="1.5506" asserts="0" description="Get-DokuPageHtml">
        <results>
          <test-case description="Should display the exception message" name="Get-DokuPageHtml.Should display the exception message" time="0.1676" asserts="0" success="False" result="Failure" executed="True">
            <failure>
              <message>'-Be' is not a valid Should operator.</message>
              <stack-trace>at line: 42 in C:\Program Files\WindowsPowerShell\Modules\Pester\3.4.0\Functions\Assertions\Should.ps1</stack-trace>
            </failure>
          </test-case>
          <test-case description="Should display the fault code &amp; string" name="Get-DokuPageHtml.Should display the fault code &amp; string" time="0.0969" asserts="0" success="False" result="Failure" executed="True">
            <failure>
              <message>'-Be' is not a valid Should operator.</message>
              <stack-trace>at line: 42 in C:\Program Files\WindowsPowerShell\Modules\Pester\3.4.0\Functions\Assertions\Should.ps1</stack-trace>
            </failure>
          </test-case>
          <test-case description="Should return an object with all properties defined" name="Get-DokuPageHtml.Should return an object with all properties defined" time="0.1364" asserts="0" success="False" result="Failure" executed="True">
            <failure>
              <message>'-BeNullOrEmpty' is not a valid Should operator.</message>
              <stack-trace>at line: 42 in C:\Program Files\WindowsPowerShell\Modules\Pester\3.4.0\Functions\Assertions\Should.ps1</stack-trace>
            </failure>
          </test-case>
          <test-case description="Should return an object with the correct value for FullName" name="Get-DokuPageHtml.Should return an object with the correct value for FullName" time="0.09" asserts="0" success="False" result="Failure" executed="True">
            <failure>
              <message>'-Be' is not a valid Should operator.</message>
              <stack-trace>at line: 42 in C:\Program Files\WindowsPowerShell\Modules\Pester\3.4.0\Functions\Assertions\Should.ps1</stack-trace>
            </failure>
          </test-case>
          <test-case description="Should return an object with the correct value for RenderedHtml" name="Get-DokuPageHtml.Should return an object with the correct value for RenderedHtml" time="0.0783" asserts="0" success="False" result="Failure" executed="True">
            <failure>
              <message>'-Be' is not a valid Should operator.</message>
              <stack-trace>at line: 42 in C:\Program Files\WindowsPowerShell\Modules\Pester\3.4.0\Functions\Assertions\Should.ps1</stack-trace>
            </failure>
          </test-case>
          <test-case description="Should return an object with the correct value for PageName" name="Get-DokuPageHtml.Should return an object with the correct value for PageName" time="0.0775" asserts="0" success="False" result="Failure" executed="True">
            <failure>
              <message>'-Be' is not a valid Should operator.</message>
              <stack-trace>at line: 42 in C:\Program Files\WindowsPowerShell\Modules\Pester\3.4.0\Functions\Assertions\Should.ps1</stack-trace>
            </failure>
          </test-case>
          <test-case description="Should return an object with the correct value for ParentNamespace" name="Get-DokuPageHtml.Should return an object with the correct value for ParentNamespace" time="0.0918" asserts="0" success="False" result="Failure" executed="True">
            <failure>
              <message>'-Be' is not a valid Should operator.</message>
              <stack-trace>at line: 42 in C:\Program Files\WindowsPowerShell\Modules\Pester\3.4.0\Functions\Assertions\Should.ps1</stack-trace>
            </failure>
          </test-case>
          <test-case description="Should return an object with the correct value for RootNamespace" name="Get-DokuPageHtml.Should return an object with the correct value for RootNamespace" time="0.0738" asserts="0" success="False" result="Failure" executed="True">
            <failure>
              <message>'-Be' is not a valid Should operator.</message>
              <stack-trace>at line: 42 in C:\Program Files\WindowsPowerShell\Modules\Pester\3.4.0\Functions\Assertions\Should.ps1</stack-trace>
            </failure>
          </test-case>
          <test-case description="Should return an object with all properties defined" name="Get-DokuPageHtml.Should return an object with all properties defined" time="0.128" asserts="0" success="False" result="Failure" executed="True">
            <failure>
              <message>'-BeNullOrEmpty' is not a valid Should operator.</message>
              <stack-trace>at line: 42 in C:\Program Files\WindowsPowerShell\Modules\Pester\3.4.0\Functions\Assertions\Should.ps1</stack-trace>
            </failure>
          </test-case>
          <test-case description="Should return an object with the correct value for FullName" name="Get-DokuPageHtml.Should return an object with the correct value for FullName" time="0.0778" asserts="0" success="False" result="Failure" executed="True">
            <failure>
              <message>'-Be' is not a valid Should operator.</message>
              <stack-trace>at line: 42 in C:\Program Files\WindowsPowerShell\Modules\Pester\3.4.0\Functions\Assertions\Should.ps1</stack-trace>
            </failure>
          </test-case>
          <test-case description="Should return an object with the correct value for RenderedHtml" name="Get-DokuPageHtml.Should return an object with the correct value for RenderedHtml" time="0.0768" asserts="0" success="False" result="Failure" executed="True">
            <failure>
              <message>'-Be' is not a valid Should operator.</message>
              <stack-trace>at line: 42 in C:\Program Files\WindowsPowerShell\Modules\Pester\3.4.0\Functions\Assertions\Should.ps1</stack-trace>
            </failure>
          </test-case>
          <test-case description="Should return an object with the correct value for PageName" name="Get-DokuPageHtml.Should return an object with the correct value for PageName" time="0.0778" asserts="0" success="False" result="Failure" executed="True">
            <failure>
              <message>'-Be' is not a valid Should operator.</message>
              <stack-trace>at line: 42 in C:\Program Files\WindowsPowerShell\Modules\Pester\3.4.0\Functions\Assertions\Should.ps1</stack-trace>
            </failure>
          </test-case>
          <test-case description="Should return an object with the correct value for ParentNamespace" name="Get-DokuPageHtml.Should return an object with the correct value for ParentNamespace" time="0.0721" asserts="0" success="False" result="Failure" executed="True">
            <failure>
              <message>'-Be' is not a valid Should operator.</message>
              <stack-trace>at line: 42 in C:\Program Files\WindowsPowerShell\Modules\Pester\3.4.0\Functions\Assertions\Should.ps1</stack-trace>
            </failure>
          </test-case>
          <test-case description="Should return an object with the correct value for RootNamespace" name="Get-DokuPageHtml.Should return an object with the correct value for RootNamespace" time="0.0737" asserts="0" success="False" result="Failure" executed="True">
            <failure>
              <message>'-Be' is not a valid Should operator.</message>
              <stack-trace>at line: 42 in C:\Program Files\WindowsPowerShell\Modules\Pester\3.4.0\Functions\Assertions\Should.ps1</stack-trace>
            </failure>
          </test-case>
          <test-case description="Should call Invoke-DokuApiCall twice" name="Get-DokuPageHtml.Should call Invoke-DokuApiCall twice" time="0.0481" asserts="0" success="True" result="Success" executed="True" />
[...]
            <failure>
              <message>'-BeOfType' is not a valid Should operator.</message>
              <stack-trace>at line: 42 in C:\Program Files\WindowsPowerShell\Modules\Pester\3.4.0\Functions\Assertions\Should.ps1</stack-trace>
            </failure>
          </test-case>
          <test-case description="Should return the exact object requested" name="Save-DokuAttachment.Should return the exact object requested" time="0.1154" asserts="0" success="False" result="Failure" executed="True">
            <failure>
              <message>'-Be' is not a valid Should operator.</message>
              <stack-trace>at line: 42 in C:\Program Files\WindowsPowerShell\Modules\Pester\3.4.0\Functions\Assertions\Should.ps1</stack-trace>
            </failure>
          </test-case>
          <test-case description="Should call Invoke-DokuApiCall once" name="Save-DokuAttachment.Should call Invoke-DokuApiCall once" time="0.0227" asserts="0" success="True" result="Success" executed="True" />
          <test-case description="Should throw an error" name="Save-DokuAttachment.Should throw an error" time="0.0954" asserts="0" success="False" result="Failure" executed="True">
            <failure>
              <message>'-Throw' is not a valid Should operator.</message>
              <stack-trace>at line: 42 in C:\Program Files\WindowsPowerShell\Modules\Pester\3.4.0\Functions\Assertions\Should.ps1</stack-trace>
            </failure>
          </test-case>
        </results>
      </test-suite>
      <test-suite type="TestFixture" name="Search-DokuWiki" executed="True" result="Failure" success="False" time="18.1846" asserts="0" description="Search-DokuWiki">
        <results>
          <test-case description="Should display the exception message" name="Search-DokuWiki.Should display the exception message" time="0.154" asserts="0" success="False" result="Failure" executed="True">
            <failure>
              <message>'-Be' is not a valid Should operator.</message>
              <stack-trace>at line: 42 in C:\Program Files\WindowsPowerShell\Modules\Pester\3.4.0\Functions\Assertions\Should.ps1</stack-trace>
            </failure>
          </test-case>
          <test-case description="Should display the fault code &amp; string" name="Search-DokuWiki.Should display the fault code &amp; string" time="0.0688" asserts="0" success="False" result="Failure" executed="True">
            <failure>
              <message>'-Be' is not a valid Should operator.</message>
              <stack-trace>at line: 42 in C:\Program Files\WindowsPowerShell\Modules\Pester\3.4.0\Functions\Assertions\Should.ps1</stack-trace>
            </failure>
          </test-case>
          <test-case description="Should return an object with all properties defined" name="Search-DokuWiki.Should return an object with all properties defined" time="16.8895" asserts="0" success="False" result="Failure" executed="True">
            <failure>
              <message>'-BeNullOrEmpty' is not a valid Should operator.</message>
              <stack-trace>at line: 42 in C:\Program Files\WindowsPowerShell\Modules\Pester\3.4.0\Functions\Assertions\Should.ps1</stack-trace>
            </failure>
          </test-case>
          <test-case description="Should return an object with the correct value for FullName" name="Search-DokuWiki.Should return an object with the correct value for FullName" time="0.084" asserts="0" success="False" result="Failure" executed="True">
            <failure>
              <message>'-Be' is not a valid Should operator.</message>
              <stack-trace>at line: 42 in C:\Program Files\WindowsPowerShell\Modules\Pester\3.4.0\Functions\Assertions\Should.ps1</stack-trace>
            </failure>
          </test-case>
          <test-case description="Should return an object with the correct value for Score" name="Search-DokuWiki.Should return an object with the correct value for Score" time="0.0732" asserts="0" success="False" result="Failure" executed="True">
            <failure>
              <message>'-Be' is not a valid Should operator.</message>
              <stack-trace>at line: 42 in C:\Program Files\WindowsPowerShell\Modules\Pester\3.4.0\Functions\Assertions\Should.ps1</stack-trace>
            </failure>
          </test-case>
          <test-case description="Should return an object with the correct value for Revision" name="Search-DokuWiki.Should return an object with the correct value for Revision" time="0.0796" asserts="0" success="False" result="Failure" executed="True">
            <failure>
              <message>'-Be' is not a valid Should operator.</message>
              <stack-trace>at line: 42 in C:\Program Files\WindowsPowerShell\Modules\Pester\3.4.0\Functions\Assertions\Should.ps1</stack-trace>
            </failure>
          </test-case>
          <test-case description="Should return an object with the correct value for ModifiedTime" name="Search-DokuWiki.Should return an object with the correct value for ModifiedTime" time="0.0721" asserts="0" success="False" result="Failure" executed="True">
            <failure>
              <message>'-Be' is not a valid Should operator.</message>
              <stack-trace>at line: 42 in C:\Program Files\WindowsPowerShell\Modules\Pester\3.4.0\Functions\Assertions\Should.ps1</stack-trace>
            </failure>
          </test-case>
          <test-case description="Should return an object with the correct value for Size" name="Search-DokuWiki.Should return an object with the correct value for Size" time="0.0772" asserts="0" success="False" result="Failure" executed="True">
            <failure>
              <message>'-Be' is not a valid Should operator.</message>
              <stack-trace>at line: 42 in C:\Program Files\WindowsPowerShell\Modules\Pester\3.4.0\Functions\Assertions\Should.ps1</stack-trace>
            </failure>
          </test-case>
          <test-case description="Should return an object with the correct value for Snippet" name="Search-DokuWiki.Should return an object with the correct value for Snippet" time="0.0865" asserts="0" success="False" result="Failure" executed="True">
            <failure>
              <message>'-Be' is not a valid Should operator.</message>
              <stack-trace>at line: 42 in C:\Program Files\WindowsPowerShell\Modules\Pester\3.4.0\Functions\Assertions\Should.ps1</stack-trace>
            </failure>
          </test-case>
          <test-case description="Should return an object with the correct value for Title" name="Search-DokuWiki.Should return an object with the correct value for Title" time="0.0921" asserts="0" success="False" result="Failure" executed="True">
            <failure>
              <message>'-Be' is not a valid Should operator.</message>
              <stack-trace>at line: 42 in C:\Program Files\WindowsPowerShell\Modules\Pester\3.4.0\Functions\Assertions\Should.ps1</stack-trace>
            </failure>
          </test-case>
          <test-case description="Should return an object with the correct value for PageName" name="Search-DokuWiki.Should return an object with the correct value for PageName" time="0.0681" asserts="0" success="False" result="Failure" executed="True">
            <failure>
              <message>'-Be' is not a valid Should operator.</message>
              <stack-trace>at line: 42 in C:\Program Files\WindowsPowerShell\Modules\Pester\3.4.0\Functions\Assertions\Should.ps1</stack-trace>
            </failure>
          </test-case>
          <test-case description="Should return an object with the correct value for ParentNamespace" name="Search-DokuWiki.Should return an object with the correct value for ParentNamespace" time="0.0832" asserts="0" success="False" result="Failure" executed="True">
            <failure>
              <message>'-Be' is not a valid Should operator.</message>
              <stack-trace>at line: 42 in C:\Program Files\WindowsPowerShell\Modules\Pester\3.4.0\Functions\Assertions\Should.ps1</stack-trace>
            </failure>
          </test-case>
          <test-case description="Should return an object with the correct value for RootNamespace" name="Search-DokuWiki.Should return an object with the correct value for RootNamespace" time="0.0712" asserts="0" success="False" result="Failure" executed="True">
            <failure>
              <message>'-Be' is not a valid Should operator.</message>
              <stack-trace>at line: 42 in C:\Program Files\WindowsPowerShell\Modules\Pester\3.4.0\Functions\Assertions\Should.ps1</stack-trace>
            </failure>
          </test-case>
          <test-case description="Should call Invoke-DokuApiCall once" name="Search-DokuWiki.Should call Invoke-DokuApiCall once" time="0.0248" asserts="0" success="True" result="Success" executed="True" />
          <test-case description="Should return nothing" name="Search-DokuWiki.Should return nothing" time="0.1065" asserts="0" success="False" result="Failure" executed="True">
            <failure>
              <message>'-BeNullOrEmpty' is not a valid Should operator.</message>
              <stack-trace>at line: 42 in C:\Program Files\WindowsPowerShell\Modules\Pester\3.4.0\Functions\Assertions\Should.ps1</stack-trace>
            </failure>
          </test-case>
          <test-case description="Should call Invoke-DokuApiCall once" name="Search-DokuWiki.Should call Invoke-DokuApiCall once" time="0.0295" asserts="0" success="True" result="Success" executed="True" />
          <test-case description="Should call Invoke-DokuApiCall twice" name="Search-DokuWiki.Should call Invoke-DokuApiCall twice" time="0.0589" asserts="0" success="True" result="Success" executed="True" />
          <test-case description="Should call Invoke-DokuApiCall twice" name="Search-DokuWiki.Should call Invoke-DokuApiCall twice" time="0.0654" asserts="0" success="True" result="Success" executed="True" />
        </results>
      </test-suite>
      <test-suite type="TestFixture" name="Set-DokuPageData" executed="True" result="Failure" success="False" time="1.2309" asserts="0" description="Set-DokuPageData">
        <results>
          <test-case description="Should display the exception message" name="Set-DokuPageData.Should display the exception message" time="0.1526" asserts="0" success="False" result="Failure" executed="True">
            <failure>
              <message>'-Be' is not a valid Should operator.</message>
              <stack-trace>at line: 42 in C:\Program Files\WindowsPowerShell\Modules\Pester\3.4.0\Functions\Assertions\Should.ps1</stack-trace>
            </failure>
          </test-case>
          <test-case description="Should display the fault code &amp; string" name="Set-DokuPageData.Should display the fault code &amp; string" time="0.0764" asserts="0" success="False" result="Failure" executed="True">
            <failure>
              <message>'-Be' is not a valid Should operator.</message>
              <stack-trace>at line: 42 in C:\Program Files\WindowsPowerShell\Modules\Pester\3.4.0\Functions\Assertions\Should.ps1</stack-trace>
            </failure>
          </test-case>
          <test-case description="Should generate an error" name="Set-DokuPageData.Should generate an error" time="0.1146" asserts="0" success="False" result="Failure" executed="True">
            <failure>
              <message>'-Be' is not a valid Should operator.</message>
              <stack-trace>at line: 42 in C:\Program Files\WindowsPowerShell\Modules\Pester\3.4.0\Functions\Assertions\Should.ps1</stack-trace>
            </failure>
          </test-case>
          <test-case description="Should not throw" name="Set-DokuPageData.Should not throw" time="0.1209" asserts="0" success="False" result="Failure" executed="True">
            <failure>
              <message>'-Not' is not a valid Should operator.</message>
              <stack-trace>at line: 42 in C:\Program Files\WindowsPowerShell\Modules\Pester\3.4.0\Functions\Assertions\Should.ps1</stack-trace>
            </failure>
          </test-case>
          <test-case description="Should not return anything" name="Set-DokuPageData.Should not return anything" time="0.0795" asserts="0" success="False" result="Failure" executed="True">
            <failure>
              <message>'-BeNullOrEmpty' is not a valid Should operator.</message>
              <stack-trace>at line: 42 in C:\Program Files\WindowsPowerShell\Modules\Pester\3.4.0\Functions\Assertions\Should.ps1</stack-trace>
            </failure>
          </test-case>
          <test-case description="Should call Invoke-DokuApiCall twice" name="Set-DokuPageData.Should call Invoke-DokuApiCall twice" time="0.0752" asserts="0" success="True" result="Success" executed="True" />
          <test-case description="Should return an object with all properties defined" name="Set-DokuPageData.Should return an object with all properties defined" time="0.1165" asserts="0" success="False" result="Failure" executed="True">
            <failure>
              <message>'-BeNullOrEmpty' is not a valid Should operator.</message>
              <stack-trace>at line: 42 in C:\Program Files\WindowsPowerShell\Modules\Pester\3.4.0\Functions\Assertions\Should.ps1</stack-trace>
            </failure>
          </test-case>
          <test-case description="Should return an object with the correct value for FullName" name="Set-DokuPageData.Should return an object with the correct value for FullName" time="0.0762" asserts="0" success="False" result="Failure" executed="True">
            <failure>
              <message>'-Be' is not a valid Should operator.</message>
              <stack-trace>at line: 42 in C:\Program Files\WindowsPowerShell\Modules\Pester\3.4.0\Functions\Assertions\Should.ps1</stack-trace>
            </failure>
          </test-case>
          <test-case description="Should return an object with the correct value for AddedText" name="Set-DokuPageData.Should return an object with the correct value for AddedText" time="0.0738" asserts="0" success="False" result="Failure" executed="True">
            <failure>
              <message>'-Be' is not a valid Should operator.</message>
              <stack-trace>at line: 42 in C:\Program Files\WindowsPowerShell\Modules\Pester\3.4.0\Functions\Assertions\Should.ps1</stack-trace>
            </failure>
          </test-case>
          <test-case description="Should return an object with the correct value for MinorChange" name="Set-DokuPageData.Should return an object with the correct value for MinorChange" time="0.0659" asserts="0" success="False" result="Failure" executed="True">
            <failure>
              <message>'-Be' is not a valid Should operator.</message>
              <stack-trace>at line: 42 in C:\Program Files\WindowsPowerShell\Modules\Pester\3.4.0\Functions\Assertions\Should.ps1</stack-trace>
            </failure>
          </test-case>
          <test-case description="Should return an object with the correct value for SummaryText" name="Set-DokuPageData.Should return an object with the correct value for SummaryText" time="0.0698" asserts="0" success="False" result="Failure" executed="True">
            <failure>
              <message>'-Be' is not a valid Should operator.</message>
              <stack-trace>at line: 42 in C:\Program Files\WindowsPowerShell\Modules\Pester\3.4.0\Functions\Assertions\Should.ps1</stack-trace>
            </failure>
          </test-case>
          <test-case description="Should return an object with the correct value for PageName" name="Set-DokuPageData.Should return an object with the correct value for PageName" time="0.07" asserts="0" success="False" result="Failure" executed="True">
            <failure>
              <message>'-Be' is not a valid Should operator.</message>
              <stack-trace>at line: 42 in C:\Program Files\WindowsPowerShell\Modules\Pester\3.4.0\Functions\Assertions\Should.ps1</stack-trace>
            </failure>
          </test-case>
          <test-case description="Should return an object with the correct value for ParentNamespace" name="Set-DokuPageData.Should return an object with the correct value for ParentNamespace" time="0.0666" asserts="0" success="False" result="Failure" executed="True">
            <failure>
              <message>'-Be' is not a valid Should operator.</message>
              <stack-trace>at line: 42 in C:\Program Files\WindowsPowerShell\Modules\Pester\3.4.0\Functions\Assertions\Should.ps1</stack-trace>
            </failure>
          </test-case>
          <test-case description="Should return an object with the correct value for RootNamespace" name="Set-DokuPageData.Should return an object with the correct value for RootNamespace" time="0.0728" asserts="0" success="False" result="Failure" executed="True">
            <failure>
              <message>'-Be' is not a valid Should operator.</message>
              <stack-trace>at line: 42 in C:\Program Files\WindowsPowerShell\Modules\Pester\3.4.0\Functions\Assertions\Should.ps1</stack-trace>
            </failure>
          </test-case>
        </results>
      </test-suite>
      <test-suite type="TestFixture" name="Unlock-DokuPage" executed="True" result="Failure" success="False" time="0.5521" asserts="0" description="Unlock-DokuPage">
        <results>
          <test-case description="Should display the exception message" name="Unlock-DokuPage.Should display the exception message" time="0.1561" asserts="0" success="False" result="Failure" executed="True">
            <failure>
              <message>'-Be' is not a valid Should operator.</message>
              <stack-trace>at line: 42 in C:\Program Files\WindowsPowerShell\Modules\Pester\3.4.0\Functions\Assertions\Should.ps1</stack-trace>
            </failure>
          </test-case>
          <test-case description="Should display the fault code &amp; string" name="Unlock-DokuPage.Should display the fault code &amp; string" time="0.0759" asserts="0" success="False" result="Failure" executed="True">
            <failure>
              <message>'-Be' is not a valid Should operator.</message>
              <stack-trace>at line: 42 in C:\Program Files\WindowsPowerShell\Modules\Pester\3.4.0\Functions\Assertions\Should.ps1</stack-trace>
            </failure>
          </test-case>
          <test-case description="Should throw an error" name="Unlock-DokuPage.Should throw an error" time="0.0939" asserts="0" success="False" result="Failure" executed="True">
            <failure>
              <message>'-Throw' is not a valid Should operator.</message>
              <stack-trace>at line: 42 in C:\Program Files\WindowsPowerShell\Modules\Pester\3.4.0\Functions\Assertions\Should.ps1</stack-trace>
            </failure>
          </test-case>
          <test-case description="Should not throw" name="Unlock-DokuPage.Should not throw" time="0.0952" asserts="0" success="False" result="Failure" executed="True">
            <failure>
              <message>'-Not' is not a valid Should operator.</message>
              <stack-trace>at line: 42 in C:\Program Files\WindowsPowerShell\Modules\Pester\3.4.0\Functions\Assertions\Should.ps1</stack-trace>
            </failure>
          </test-case>
          <test-case description="Should only call Invoke-DokuApiCall once" name="Unlock-DokuPage.Should only call Invoke-DokuApiCall once" time="0.0644" asserts="0" success="True" result="Success" executed="True" />
          <test-case description="Should call Invoke-DokuApiCall twice" name="Unlock-DokuPage.Should call Invoke-DokuApiCall twice" time="0.0664" asserts="0" success="True" result="Success" executed="True" />
        </results>
      </test-suite>
    </results>
  </test-suite>
</test-results>